<?xml version="1.0" encoding="UTF-8"?>
<!-- Generated by org.testng.reporters.JUnitReportReporter -->
<testsuite hostname="DESKTOP-80I6L65" failures="0" tests="2" name="pages.AppTest" time="0.017" errors="0" timestamp="2021-05-06T22:07:23 IST" skipped="0">
  <testcase classname="pages.AppTest" name="testLogin1" time="0.016"/>
  <system-out/>
  <testcase classname="pages.AppTest" name="testLogin2" time="0.001"/>
  <system-out/>
</testsuite> <!-- pages.AppTest -->
