<?xml version="1.0" encoding="UTF-8"?>
<!-- Generated by org.testng.reporters.JUnitReportReporter -->
<testsuite hostname="DESKTOP-80I6L65" failures="0" tests="1" name="pages.TC_Selenium_login" time="21.926" errors="0" timestamp="2021-05-07T23:29:48 IST" skipped="0">
  <testcase classname="pages.TC_Selenium_login" name="login_Test" time="21.926"/>
  <system-out/>
</testsuite> <!-- pages.TC_Selenium_login -->
